[backblue.gif]
[fade.gif]
[index.html]
[spacingtech.com/html/vegist-final/vegist/image/fevicon.png]
[spacingtech.com/html/vegist-final/vegist/image/home-14/logo-new.png]
[spacingtech.com/html/vegist-final/vegist/image/cart-img.jpg]
[spacingtech.com/html/vegist-final/vegist/image/cart-img02.jpg]
[spacingtech.com/html/vegist-final/vegist/image/cart-img03.jpg]
[spacingtech.com/html/vegist-final/vegist/image/cart-img04.jpg]
[spacingtech.com/html/vegist-final/vegist/image/home-14/slider1.jpg]
[spacingtech.com/html/vegist-final/vegist/image/home-14/slider2.jpg]
[spacingtech.com/html/vegist-final/vegist/image/home-14/cat1.png]
[spacingtech.com/html/vegist-final/vegist/image/home-14/cat2.png]
[spacingtech.com/html/vegist-final/vegist/image/home-14/cat3.png]
[spacingtech.com/html/vegist-final/vegist/image/home-14/cat4.png]
[spacingtech.com/html/vegist-final/vegist/image/home-14/cat5.png]
[spacingtech.com/html/vegist-final/vegist/image/home-14/cat6.png]
[spacingtech.com/html/vegist-final/vegist/image/home-14/cat7.png]
[spacingtech.com/html/vegist-final/vegist/image/home-14/cat8.png]
[spacingtech.com/html/vegist-final/vegist/image/home-14/banner1.png]
[spacingtech.com/html/vegist-final/vegist/image/home-14/banner3.png]
[spacingtech.com/html/vegist-final/vegist/image/home-14/banner2.png]
[spacingtech.com/html/vegist-final/vegist/image/home-14/pro-1.jpg]
[spacingtech.com/html/vegist-final/vegist/image/home-14/pro-5.jpg]
[spacingtech.com/html/vegist-final/vegist/image/home-14/pro-2.jpg]
[spacingtech.com/html/vegist-final/vegist/image/home-14/pro-6.jpg]
[spacingtech.com/html/vegist-final/vegist/image/home-14/pro-3.jpg]
[spacingtech.com/html/vegist-final/vegist/image/home-14/pro-7.jpg]
[spacingtech.com/html/vegist-final/vegist/image/home-14/pro-4.jpg]
[spacingtech.com/html/vegist-final/vegist/image/home-14/pro-8.jpg]
[spacingtech.com/html/vegist-final/vegist/image/home-14/pro-9.jpg]
[spacingtech.com/html/vegist-final/vegist/image/home-14/full-banner.png]
[spacingtech.com/html/vegist-final/vegist/image/home-14/blog-1.jpg]
[spacingtech.com/html/vegist-final/vegist/image/home-14/blog-2.jpg]
[spacingtech.com/html/vegist-final/vegist/image/home-14/blog-3.jpg]
[spacingtech.com/html/vegist-final/vegist/image/home-14/blog-4.jpg]
[spacingtech.com/html/vegist-final/vegist/image/home-14/blog-5.jpg]
[spacingtech.com/html/vegist-final/vegist/image/home-14/blog-6.jpg]
[spacingtech.com/html/vegist-final/vegist/image/home-14/blog-7.jpg]
[spacingtech.com/html/vegist-final/vegist/image/home-14/blog-8.jpg]
[spacingtech.com/html/vegist-final/vegist/image/home-14/newsletter-bg.jpg]
[spacingtech.com/html/vegist-final/vegist/image/pro-page-image/pro-page-image.jpg]
[spacingtech.com/html/vegist-final/vegist/image/pro-page-image/prro-page-image01.jpg]
[spacingtech.com/html/vegist-final/vegist/image/pro-page-image/pro-page-image1-1.jpg]
[spacingtech.com/html/vegist-final/vegist/image/pro-page-image/pro-page-image1.jpg]
[spacingtech.com/html/vegist-final/vegist/image/pro-page-image/pro-page-image2.jpg]
[spacingtech.com/html/vegist-final/vegist/image/pro-page-image/pro-page-image2-2.jpg]
[spacingtech.com/html/vegist-final/vegist/image/pro-page-image/pro-page-image3.jpg]
[spacingtech.com/html/vegist-final/vegist/image/pro-page-image/pro-page-image03.jpg]
[spacingtech.com/html/vegist-final/vegist/image/pro-page-image/image1.jpg]
[spacingtech.com/html/vegist-final/vegist/image/pro-page-image/image2.jpg]
[spacingtech.com/html/vegist-final/vegist/image/pro-page-image/image3.jpg]
[spacingtech.com/html/vegist-final/vegist/image/pro-page-image/image4.jpg]
[spacingtech.com/html/vegist-final/vegist/image/pro-page-image/image5.jpg]
[spacingtech.com/html/vegist-final/vegist/image/pro-page-image/image6.jpg]
[spacingtech.com/html/vegist-final/vegist/image/pro-page-image/image8.jpg]
[spacingtech.com/html/vegist-final/vegist/image/pro-page-image/image7.jpg]
[spacingtech.com/html/vegist-final/vegist/image/news-popup.jpg]
[spacingtech.com/html/vegist-final/vegist/js/modernizr-2.8.3.min.js]
[spacingtech.com/html/vegist-final/vegist/js/jquery-3.6.0.min.js]
[spacingtech.com/html/vegist-final/vegist/js/imagesloaded.pkgd.min.js]
[spacingtech.com/html/vegist-final/vegist/js/jquery.isotope.min.js]
[spacingtech.com/html/vegist-final/vegist/js/bootstrap.min.js]
[spacingtech.com/html/vegist-final/vegist/js/popper.min.js]
[spacingtech.com/html/vegist-final/vegist/js/fontawesome.min.js]
[spacingtech.com/html/vegist-final/vegist/js/owl.carousel.min.js]
[spacingtech.com/html/vegist-final/vegist/js/swiper.min.js]
[spacingtech.com/html/vegist-final/vegist/js/custom.js]
[spacingtech.com/html/vegist-final/vegist/index14.html]
[spacingtech.com/html/vegist-final/vegist/css/bootstrap.min.css]
[spacingtech.com/html/vegist-final/vegist/fonts/Simple-Line-Iconsb26c.eot]
[spacingtech.com/html/vegist-final/vegist/fonts/Simple-Line-Iconsb26c.ttf]
[spacingtech.com/html/vegist-final/vegist/fonts/Simple-Line-Iconsb26c.woff]
[spacingtech.com/html/vegist-final/vegist/css/simple-line-icons.css]
[spacingtech.com/html/vegist-final/vegist/fonts/fontawesome-webfont3e6e.eot]
[spacingtech.com/html/vegist-final/vegist/fonts/fontawesome-webfontd41d.eot]
[spacingtech.com/html/vegist-final/vegist/fonts/fontawesome-webfont3e6e.woff]
[spacingtech.com/html/vegist-final/vegist/fonts/fontawesome-webfont3e6e.ttf]
[spacingtech.com/html/vegist-final/vegist/css/font-awesome.min.css]
[spacingtech.com/html/vegist-final/vegist/fonts/themify9f24.eot]
[spacingtech.com/html/vegist-final/vegist/fonts/themifyd41d.eot]
[spacingtech.com/html/vegist-final/vegist/fonts/themify9f24.woff]
[spacingtech.com/html/vegist-final/vegist/fonts/themify9f24.ttf]
[spacingtech.com/html/vegist-final/vegist/css/themify-icons.css]
[spacingtech.com/html/vegist-final/vegist/fonts/ionicons28b5.eot]
[spacingtech.com/html/vegist-final/vegist/fonts/ionicons28b5.ttf]
[spacingtech.com/html/vegist-final/vegist/fonts/ionicons28b5.woff]
[spacingtech.com/html/vegist-final/vegist/css/ionicons.min.css]
[spacingtech.com/html/vegist-final/vegist/css/owl.carousel.min.css]
[spacingtech.com/html/vegist-final/vegist/css/owl.theme.default.min.css]
[spacingtech.com/html/vegist-final/vegist/css/swiper.min.css]
[spacingtech.com/html/vegist-final/vegist/css/animate.css]
[spacingtech.com/html/vegist-final/vegist/css/style14.css]
[spacingtech.com/html/vegist-final/vegist/css/responsive14.css]
[spacingtech.com/html/vegist-final/vegist/image/c-icon1.png]
[spacingtech.com/html/vegist-final/vegist/image/c-icon4.png]
[spacingtech.com/html/vegist-final/vegist/image/c-icon2.png]
[spacingtech.com/html/vegist-final/vegist/image/c-icon3.png]
[spacingtech.com/html/vegist-final/vegist/image/c-icon5.png]
[spacingtech.com/html/vegist-final/vegist/image/c-icon6.png]
[spacingtech.com/html/vegist-final/vegist/image/c-icon7.png]
[spacingtech.com/html/vegist-final/vegist/image/c-icon8.png]
[spacingtech.com/html/vegist-final/vegist/image/logo1.png]
[spacingtech.com/html/vegist-final/vegist/image/menu-banner01.jpg]
[spacingtech.com/html/vegist-final/vegist/image/menu-banner02.jpg]
[spacingtech.com/html/vegist-final/vegist/image/menu-banner03.jpg]
[spacingtech.com/html/vegist-final/vegist/image/icon_contact.png]
[spacingtech.com/html/vegist-final/vegist/image/about-image.jpg]
[spacingtech.com/html/vegist-final/vegist/image/payment.png]
[spacingtech.com/html/vegist-final/vegist/order-complete.html]
[spacingtech.com/html/vegist-final/vegist/tracking.html]
[spacingtech.com/html/vegist-final/vegist/contact.html]
[spacingtech.com/html/vegist-final/vegist/account.html]
[spacingtech.com/html/vegist-final/vegist/wishlist-empty.html]
[spacingtech.com/html/vegist-final/vegist/image/slider1.jpg]
[spacingtech.com/html/vegist-final/vegist/image/slider2.jpg]
[spacingtech.com/html/vegist-final/vegist/image/slider3.jpg]
[spacingtech.com/html/vegist-final/vegist/image/banner-1.jpg]
[spacingtech.com/html/vegist-final/vegist/image/banner-2.jpg]
[spacingtech.com/html/vegist-final/vegist/image/category-image/home-1/cat1.jpg]
[spacingtech.com/html/vegist-final/vegist/image/category-image/home-1/cat2.jpg]
[spacingtech.com/html/vegist-final/vegist/image/category-image/home-1/cat3.jpg]
[spacingtech.com/html/vegist-final/vegist/image/category-image/home-1/cat4.jpg]
[spacingtech.com/html/vegist-final/vegist/image/category-image/home-1/cat5.jpg]
[spacingtech.com/html/vegist-final/vegist/image/category-image/home-1/cat6.jpg]
[spacingtech.com/html/vegist-final/vegist/image/category-image/home-1/cat7.jpg]
[spacingtech.com/html/vegist-final/vegist/image/category-image/home-1/cat8.jpg]
[spacingtech.com/html/vegist-final/vegist/image/category-image/home-1/cat9.jpg]
[spacingtech.com/html/vegist-final/vegist/image/pro/pro-img-1.jpg]
[spacingtech.com/html/vegist-final/vegist/image/pro/pro-img-01.jpg]
[spacingtech.com/html/vegist-final/vegist/image/pro/pro-img-2.jpg]
[spacingtech.com/html/vegist-final/vegist/image/pro/pro-img-02.jpg]
[spacingtech.com/html/vegist-final/vegist/image/pro/pro-img-3.jpg]
[spacingtech.com/html/vegist-final/vegist/image/pro/pro-img-03.jpg]
[spacingtech.com/html/vegist-final/vegist/image/pro/pro-img-4.jpg]
[spacingtech.com/html/vegist-final/vegist/image/pro/pro-img-04.jpg]
[spacingtech.com/html/vegist-final/vegist/image/pro/pro-img-5.jpg]
[spacingtech.com/html/vegist-final/vegist/image/pro/pro-img-05.jpg]
[spacingtech.com/html/vegist-final/vegist/image/pro/pro-img-6.jpg]
[spacingtech.com/html/vegist-final/vegist/image/pro/pro-img-06.jpg]
[spacingtech.com/html/vegist-final/vegist/image/pro/pro-img-7.jpg]
[spacingtech.com/html/vegist-final/vegist/image/pro/pro-img-07.jpg]
[spacingtech.com/html/vegist-final/vegist/image/pro/pro-img-8.jpg]
[spacingtech.com/html/vegist-final/vegist/image/pro/pro-img-08.jpg]
[spacingtech.com/html/vegist-final/vegist/image/pro/pro-img-9.jpg]
[spacingtech.com/html/vegist-final/vegist/image/pro/pro-img-09.jpg]
[spacingtech.com/html/vegist-final/vegist/image/pro/pro-img-10.jpg]
[spacingtech.com/html/vegist-final/vegist/image/pro/pro-img-010.jpg]
[spacingtech.com/html/vegist-final/vegist/image/pro/pro-img-11.jpg]
[spacingtech.com/html/vegist-final/vegist/image/pro/pro-img-011.jpg]
[spacingtech.com/html/vegist-final/vegist/image/pro/pro-img-12.jpg]
[spacingtech.com/html/vegist-final/vegist/image/pro/pro-img-012.jpg]
[spacingtech.com/html/vegist-final/vegist/image/dealbanner.jpg]
[spacingtech.com/html/vegist-final/vegist/image/blog-image/blog-1.jpg]
[spacingtech.com/html/vegist-final/vegist/image/blog-image/blog-2.jpg]
[spacingtech.com/html/vegist-final/vegist/image/blog-image/blog-3.jpg]
[spacingtech.com/html/vegist-final/vegist/image/blog-image/blog-4.jpg]
[spacingtech.com/html/vegist-final/vegist/image/blog-image/blog-5.jpg]
[spacingtech.com/html/vegist-final/vegist/image/blog-image/blog-6.jpg]
[spacingtech.com/html/vegist-final/vegist/image/blog-image/blog-7.jpg]
[spacingtech.com/html/vegist-final/vegist/image/banner3.jpg]
[spacingtech.com/html/vegist-final/vegist/image/brand/home-123/l1.png]
[spacingtech.com/html/vegist-final/vegist/image/brand/home-123/l2.png]
[spacingtech.com/html/vegist-final/vegist/image/brand/home-123/l3.png]
[spacingtech.com/html/vegist-final/vegist/image/brand/home-123/l4.png]
[spacingtech.com/html/vegist-final/vegist/image/brand/home-123/l5.png]
[spacingtech.com/html/vegist-final/vegist/image/brand/home-123/l6.png]
[spacingtech.com/html/vegist-final/vegist/image/brand/home-123/l7.png]
[spacingtech.com/html/vegist-final/vegist/image/brand/home-123/l8.png]
[spacingtech.com/html/vegist-final/vegist/index1.html]
[spacingtech.com/html/vegist-final/vegist/image/top-2.jpg]
[spacingtech.com/html/vegist-final/vegist/image/logo2.png]
[spacingtech.com/html/vegist-final/vegist/image/menu-img/image01.jpg]
[spacingtech.com/html/vegist-final/vegist/image/menu-img/drop-image.jpg]
[spacingtech.com/html/vegist-final/vegist/image/menu-img/image02.jpg]
[spacingtech.com/html/vegist-final/vegist/image/menu-img/image03.jpg]
[spacingtech.com/html/vegist-final/vegist/image/menu-img/image04.jpg]
[spacingtech.com/html/vegist-final/vegist/image/menu-img/image05.jpg]
[spacingtech.com/html/vegist-final/vegist/image/menu-img/image06.jpg]
[spacingtech.com/html/vegist-final/vegist/image/menu-img/image07.jpg]
[spacingtech.com/html/vegist-final/vegist/image/menu-img/image08.jpg]
[spacingtech.com/html/vegist-final/vegist/image/slider4.jpg]
[spacingtech.com/html/vegist-final/vegist/image/slider5.jpg]
[spacingtech.com/html/vegist-final/vegist/image/slider6.jpg]
[spacingtech.com/html/vegist-final/vegist/image/banner7.jpg]
[spacingtech.com/html/vegist-final/vegist/image/banner8.jpg]
[spacingtech.com/html/vegist-final/vegist/image/banner9.jpg]
[spacingtech.com/html/vegist-final/vegist/image/category-image/home-2/image1.jpg]
[spacingtech.com/html/vegist-final/vegist/image/category-image/home-2/image2.jpg]
[spacingtech.com/html/vegist-final/vegist/image/category-image/home-2/image3.jpg]
[spacingtech.com/html/vegist-final/vegist/image/category-image/home-2/image4.jpg]
[spacingtech.com/html/vegist-final/vegist/image/category-image/home-2/image5.jpg]
[spacingtech.com/html/vegist-final/vegist/image/category-image/home-2/image6.jpg]
[spacingtech.com/html/vegist-final/vegist/image/category-image/home-2/image7.jpg]
[spacingtech.com/html/vegist-final/vegist/image/category-image/home-2/image8.jpg]
[spacingtech.com/html/vegist-final/vegist/image/category-image/home-2/image9.jpg]
[spacingtech.com/html/vegist-final/vegist/image/dealbanner2.jpg]
[spacingtech.com/html/vegist-final/vegist/image/news-bg2.jpg]
[spacingtech.com/html/vegist-final/vegist/index2.html]
[spacingtech.com/html/vegist-final/vegist/image/menu-img/image09.jpg]
[spacingtech.com/html/vegist-final/vegist/image/menu-img/image10.jpg]
[spacingtech.com/html/vegist-final/vegist/image/menu-img/image11.jpg]
[spacingtech.com/html/vegist-final/vegist/image/hot-image.png]
[spacingtech.com/html/vegist-final/vegist/image/slider9.jpg]
[spacingtech.com/html/vegist-final/vegist/image/slider7.jpg]
[spacingtech.com/html/vegist-final/vegist/image/slider8.jpg]
[spacingtech.com/html/vegist-final/vegist/image/left-banner.jpg]
[spacingtech.com/html/vegist-final/vegist/image/left-banner2.jpg]
[spacingtech.com/html/vegist-final/vegist/image/dealbanner1.1.jpg]
[spacingtech.com/html/vegist-final/vegist/image/home3-banner.jpg]
[spacingtech.com/html/vegist-final/vegist/image/home3-banner2.jpg]
[spacingtech.com/html/vegist-final/vegist/image/full-banner.jpg]
[spacingtech.com/html/vegist-final/vegist/image/deal-image/image01.jpg]
[spacingtech.com/html/vegist-final/vegist/image/deal-image/image1.jpg]
[spacingtech.com/html/vegist-final/vegist/image/deal-image/image02.jpg]
[spacingtech.com/html/vegist-final/vegist/image/deal-image/image2.jpg]
[spacingtech.com/html/vegist-final/vegist/image/deal-image/image03.jpg]
[spacingtech.com/html/vegist-final/vegist/image/deal-image/image3.jpg]
[spacingtech.com/html/vegist-final/vegist/image/deal-image/image04.jpg]
[spacingtech.com/html/vegist-final/vegist/image/deal-image/image4.jpg]
[spacingtech.com/html/vegist-final/vegist/image/deal-b.jpg]
[spacingtech.com/html/vegist-final/vegist/index3.html]
[spacingtech.com/html/vegist-final/vegist/image/logo3.png]
[spacingtech.com/html/vegist-final/vegist/image/slider10.jpg]
[spacingtech.com/html/vegist-final/vegist/image/slider11.jpg]
[spacingtech.com/html/vegist-final/vegist/image/s-image1.png]
[spacingtech.com/html/vegist-final/vegist/image/s-image2.png]
[spacingtech.com/html/vegist-final/vegist/image/s-image3.png]
[spacingtech.com/html/vegist-final/vegist/image/banner17.jpg]
[spacingtech.com/html/vegist-final/vegist/image/banner18.jpg]
[spacingtech.com/html/vegist-final/vegist/image/category-image/home-4/cat3.jpg]
[spacingtech.com/html/vegist-final/vegist/image/category-image/home-4/cat4.jpg]
[spacingtech.com/html/vegist-final/vegist/image/category-image/home-4/cat5.jpg]
[spacingtech.com/html/vegist-final/vegist/image/category-image/home-4/cat6.jpg]
[spacingtech.com/html/vegist-final/vegist/image/category-image/home-4/cat7.jpg]
[spacingtech.com/html/vegist-final/vegist/image/category-image/home-4/cat8.jpg]
[spacingtech.com/html/vegist-final/vegist/image/category-image/home-4/cat9.jpg]
[spacingtech.com/html/vegist-final/vegist/image/brand/home-4/image1.png]
[spacingtech.com/html/vegist-final/vegist/image/brand/home-4/image2.png]
[spacingtech.com/html/vegist-final/vegist/image/brand/home-4/image3.png]
[spacingtech.com/html/vegist-final/vegist/image/brand/home-4/image4.png]
[spacingtech.com/html/vegist-final/vegist/image/brand/home-4/image5.png]
[spacingtech.com/html/vegist-final/vegist/image/brand/home-4/image6.png]
[spacingtech.com/html/vegist-final/vegist/image/brand/home-4/image7.png]
[spacingtech.com/html/vegist-final/vegist/image/brand/home-4/image8.png]
[spacingtech.com/html/vegist-final/vegist/index4.html]
[spacingtech.com/html/vegist-final/vegist/image/slider13.jpg]
[spacingtech.com/html/vegist-final/vegist/image/slider12.jpg]
[spacingtech.com/html/vegist-final/vegist/image/slider14.jpg]
[spacingtech.com/html/vegist-final/vegist/image/banner20.jpg]
[spacingtech.com/html/vegist-final/vegist/image/banner21.jpg]
[spacingtech.com/html/vegist-final/vegist/image/banner22.jpg]
[spacingtech.com/html/vegist-final/vegist/image/category-image/home-5/image1.jpg]
[spacingtech.com/html/vegist-final/vegist/image/category-image/home-5/image2.jpg]
[spacingtech.com/html/vegist-final/vegist/image/category-image/home-5/image3.jpg]
[spacingtech.com/html/vegist-final/vegist/image/category-image/home-5/image4.jpg]
[spacingtech.com/html/vegist-final/vegist/image/category-image/home-5/image5.jpg]
[spacingtech.com/html/vegist-final/vegist/image/category-image/home-5/image6.jpg]
[spacingtech.com/html/vegist-final/vegist/image/category-image/home-5/image7.jpg]
[spacingtech.com/html/vegist-final/vegist/image/category-image/home-5/image8.jpg]
[spacingtech.com/html/vegist-final/vegist/image/category-image/home-5/image9.jpg]
[spacingtech.com/html/vegist-final/vegist/image/dealbanner3.jpg]
[spacingtech.com/html/vegist-final/vegist/image/blog-image/home-5/image1.jpg]
[spacingtech.com/html/vegist-final/vegist/image/blog-image/home-5/image2.jpg]
[spacingtech.com/html/vegist-final/vegist/image/blog-image/home-5/image3.jpg]
[spacingtech.com/html/vegist-final/vegist/image/blog-image/home-5/image4.jpg]
[spacingtech.com/html/vegist-final/vegist/image/blog-image/home-5/image5.jpg]
[spacingtech.com/html/vegist-final/vegist/image/blog-image/home-5/image6.jpg]
[spacingtech.com/html/vegist-final/vegist/image/blog-image/home-5/image7.jpg]
[spacingtech.com/html/vegist-final/vegist/image/footer-5.jpg]
[spacingtech.com/html/vegist-final/vegist/index5.html]
[spacingtech.com/html/vegist-final/vegist/image/logo4.png]
[spacingtech.com/html/vegist-final/vegist/image/slider15.jpg]
[spacingtech.com/html/vegist-final/vegist/image/slider17.jpg]
[spacingtech.com/html/vegist-final/vegist/image/slider16.jpg]
[spacingtech.com/html/vegist-final/vegist/image/banner23.jpg]
[spacingtech.com/html/vegist-final/vegist/image/banner24.jpg]
[spacingtech.com/html/vegist-final/vegist/image/category-image/home-6/image1.jpg]
[spacingtech.com/html/vegist-final/vegist/image/category-image/home-6/image2.jpg]
[spacingtech.com/html/vegist-final/vegist/image/category-image/home-6/image3.jpg]
[spacingtech.com/html/vegist-final/vegist/image/category-image/home-6/image4.jpg]
[spacingtech.com/html/vegist-final/vegist/image/category-image/home-6/image5.jpg]
[spacingtech.com/html/vegist-final/vegist/image/home-6.jpg]
[spacingtech.com/html/vegist-final/vegist/image/news-6.jpg]
[spacingtech.com/html/vegist-final/vegist/index6.html]
[spacingtech.com/html/vegist-final/vegist/image/logo5.png]
[spacingtech.com/html/vegist-final/vegist/image/slider19.jpg]
[spacingtech.com/html/vegist-final/vegist/image/slider18.jpg]
[spacingtech.com/html/vegist-final/vegist/image/s-image01.png]
[spacingtech.com/html/vegist-final/vegist/image/s-image02.png]
[spacingtech.com/html/vegist-final/vegist/image/s-image03.png]
[spacingtech.com/html/vegist-final/vegist/image/s-image04.png]
[spacingtech.com/html/vegist-final/vegist/image/category-image/home-7/image1.png]
[spacingtech.com/html/vegist-final/vegist/image/category-image/home-7/image2.png]
[spacingtech.com/html/vegist-final/vegist/image/category-image/home-7/image3.png]
[spacingtech.com/html/vegist-final/vegist/image/layout-7/food-cat2.png]
[spacingtech.com/html/vegist-final/vegist/image/layout-7/1.jpg]
[spacingtech.com/html/vegist-final/vegist/image/layout-7/2.jpg]
[spacingtech.com/html/vegist-final/vegist/image/layout-7/3.jpg]
[spacingtech.com/html/vegist-final/vegist/image/layout-7/4.jpg]
[spacingtech.com/html/vegist-final/vegist/image/layout-7/5.jpg]
[spacingtech.com/html/vegist-final/vegist/image/layout-7/6.jpg]
[spacingtech.com/html/vegist-final/vegist/image/layout-7/7.jpg]
[spacingtech.com/html/vegist-final/vegist/image/layout-7/8.jpg]
[spacingtech.com/html/vegist-final/vegist/image/layout-7/9.jpg]
[spacingtech.com/html/vegist-final/vegist/image/layout-7/10.jpg]
[spacingtech.com/html/vegist-final/vegist/image/layout-7/11.jpg]
[spacingtech.com/html/vegist-final/vegist/image/layout-7/12.jpg]
[spacingtech.com/html/vegist-final/vegist/image/layout-7/13.jpg]
[spacingtech.com/html/vegist-final/vegist/image/layout-7/14.jpg]
[spacingtech.com/html/vegist-final/vegist/image/layout-7/15.jpg]
[spacingtech.com/html/vegist-final/vegist/image/layout-7/16.jpg]
[spacingtech.com/html/vegist-final/vegist/image/layout-7/banner25.jpg]
[spacingtech.com/html/vegist-final/vegist/image/layout-7/banner32.jpg]
[spacingtech.com/html/vegist-final/vegist/image/layout-7/banner30.jpg]
[spacingtech.com/html/vegist-final/vegist/image/layout-7/banner24.jpg]
[spacingtech.com/html/vegist-final/vegist/image/layout-7/food-blog2.jpg]
[spacingtech.com/html/vegist-final/vegist/image/layout-7/food-blog3.jpg]
[spacingtech.com/html/vegist-final/vegist/image/layout-7/food-blog4.jpg]
[spacingtech.com/html/vegist-final/vegist/image/layout-7/food-blog5.jpg]
[spacingtech.com/html/vegist-final/vegist/image/layout-7/food-blog6.jpg]
[spacingtech.com/html/vegist-final/vegist/image/layout-7/food-blog7.jpg]
[spacingtech.com/html/vegist-final/vegist/image/layout-7/food-blog8.jpg]
[spacingtech.com/html/vegist-final/vegist/image/layout-7/news-bg3.jpg]
[spacingtech.com/html/vegist-final/vegist/image/layout-7/logo6.png]
[spacingtech.com/html/vegist-final/vegist/index7.html]
[spacingtech.com/html/vegist-final/vegist/image/logo8.png]
[spacingtech.com/html/vegist-final/vegist/image/home-8/silder-8b.jpg]
[spacingtech.com/html/vegist-final/vegist/image/home-8/silder-8c.jpg]
[spacingtech.com/html/vegist-final/vegist/image/home-8/silder-8a.jpg]
[spacingtech.com/html/vegist-final/vegist/image/home-8/cat13.jpg]
[spacingtech.com/html/vegist-final/vegist/image/home-8/cat14.jpg]
[spacingtech.com/html/vegist-final/vegist/image/home-8/cat15.jpg]
[spacingtech.com/html/vegist-final/vegist/image/home-8/cat16.jpg]
[spacingtech.com/html/vegist-final/vegist/image/home-8/service-middle-banner.jpg]
[spacingtech.com/html/vegist-final/vegist/image/home-8/pro/pro-1.jpg]
[spacingtech.com/html/vegist-final/vegist/image/home-8/pro/pro-1a.jpg]
[spacingtech.com/html/vegist-final/vegist/image/home-8/pro/pro-2.jpg]
[spacingtech.com/html/vegist-final/vegist/image/home-8/pro/pro-2a.jpg]
[spacingtech.com/html/vegist-final/vegist/image/home-8/pro/pro-3.jpg]
[spacingtech.com/html/vegist-final/vegist/image/home-8/pro/pro-3a.jpg]
[spacingtech.com/html/vegist-final/vegist/image/home-8/pro/pro-4.jpg]
[spacingtech.com/html/vegist-final/vegist/image/home-8/pro/pro-4a.jpg]
[spacingtech.com/html/vegist-final/vegist/image/home-8/pro/pro-5.jpg]
[spacingtech.com/html/vegist-final/vegist/image/home-8/pro/pro-5a.jpg]
[spacingtech.com/html/vegist-final/vegist/image/home-8/pro/pro-6.jpg]
[spacingtech.com/html/vegist-final/vegist/image/home-8/pro/pro-6a.jpg]
[spacingtech.com/html/vegist-final/vegist/image/home-8/pro/pro-7.jpg]
[spacingtech.com/html/vegist-final/vegist/image/home-8/pro/pro-7a.jpg]
[spacingtech.com/html/vegist-final/vegist/image/home-8/pro/pro-8.jpg]
[spacingtech.com/html/vegist-final/vegist/image/home-8/pro/pro-8a.jpg]
[spacingtech.com/html/vegist-final/vegist/image/home-8/pro/pro-9.jpg]
[spacingtech.com/html/vegist-final/vegist/image/home-8/pro/pro-9a.jpg]
[spacingtech.com/html/vegist-final/vegist/image/home-8/pro/pro-10.jpg]
[spacingtech.com/html/vegist-final/vegist/image/home-8/pro/pro-10a.jpg]
[spacingtech.com/html/vegist-final/vegist/image/home-8/pro/pro-11.jpg]
[spacingtech.com/html/vegist-final/vegist/image/home-8/pro/pro-11a.jpg]
[spacingtech.com/html/vegist-final/vegist/image/home-8/pro/pro-12.jpg]
[spacingtech.com/html/vegist-final/vegist/image/home-8/pro/pro-12a.jpg]
[spacingtech.com/html/vegist-final/vegist/image/home-8/deal-banner-1.jpg]
[spacingtech.com/html/vegist-final/vegist/image/home-8/deal-banner-2.jpg]
[spacingtech.com/html/vegist-final/vegist/image/home-8/blog/blog-1.jpg]
[spacingtech.com/html/vegist-final/vegist/image/home-8/blog/blog-2.jpg]
[spacingtech.com/html/vegist-final/vegist/image/home-8/blog/blog-3.jpg]
[spacingtech.com/html/vegist-final/vegist/image/home-8/blog/blog-4.jpg]
[spacingtech.com/html/vegist-final/vegist/image/home-8/blog/blog-5.jpg]
[spacingtech.com/html/vegist-final/vegist/image/home-8/blog/blog-6.jpg]
[spacingtech.com/html/vegist-final/vegist/image/home-8/brand/l1.png]
[spacingtech.com/html/vegist-final/vegist/image/home-8/brand/l2.png]
[spacingtech.com/html/vegist-final/vegist/image/home-8/brand/l3.png]
[spacingtech.com/html/vegist-final/vegist/image/home-8/brand/l4.png]
[spacingtech.com/html/vegist-final/vegist/image/home-8/brand/l5.png]
[spacingtech.com/html/vegist-final/vegist/image/home-8/brand/l6.png]
[spacingtech.com/html/vegist-final/vegist/image/home-8/brand/l7.png]
[spacingtech.com/html/vegist-final/vegist/image/home-8/brand/l8.png]
[spacingtech.com/html/vegist-final/vegist/image/pay-image.jpg]
[spacingtech.com/html/vegist-final/vegist/index8.html]
[spacingtech.com/html/vegist-final/vegist/image/home-9/logo.png]
[spacingtech.com/html/vegist-final/vegist/image/home-9/category/top-1.jpg]
[spacingtech.com/html/vegist-final/vegist/image/home-9/category/top-2.jpg]
[spacingtech.com/html/vegist-final/vegist/image/home-9/category/top-3.jpg]
[spacingtech.com/html/vegist-final/vegist/image/home-9/category/top-4.jpg]
[spacingtech.com/html/vegist-final/vegist/image/home-9/category/top-5.jpg]
[spacingtech.com/html/vegist-final/vegist/image/home-9/category/top-6.jpg]
[spacingtech.com/html/vegist-final/vegist/image/home-9/category/top-7.jpg]
[spacingtech.com/html/vegist-final/vegist/image/home-9/slider-1.jpg]
[spacingtech.com/html/vegist-final/vegist/image/home-9/slider-2.jpg]
[spacingtech.com/html/vegist-final/vegist/image/home-9/slider-3.jpg]
[spacingtech.com/html/vegist-final/vegist/image/home-9/banner-1.jpg]
[spacingtech.com/html/vegist-final/vegist/image/home-9/banner-2.jpg]
[spacingtech.com/html/vegist-final/vegist/image/home-9/banner-3.jpg]
[spacingtech.com/html/vegist-final/vegist/image/home-9/product/pro-1.jpg]
[spacingtech.com/html/vegist-final/vegist/image/home-9/product/pro-01.jpg]
[spacingtech.com/html/vegist-final/vegist/image/home-9/product/pro-2.jpg]
[spacingtech.com/html/vegist-final/vegist/image/home-9/product/pro-02.jpg]
[spacingtech.com/html/vegist-final/vegist/image/home-9/product/pro-3.jpg]
[spacingtech.com/html/vegist-final/vegist/image/home-9/product/pro-03.jpg]
[spacingtech.com/html/vegist-final/vegist/image/home-9/product/pro-4.jpg]
[spacingtech.com/html/vegist-final/vegist/image/home-9/product/pro-04.jpg]
[spacingtech.com/html/vegist-final/vegist/image/home-9/product/pro-5.jpg]
[spacingtech.com/html/vegist-final/vegist/image/home-9/product/pro-05.jpg]
[spacingtech.com/html/vegist-final/vegist/image/home-9/product/pro-6.jpg]
[spacingtech.com/html/vegist-final/vegist/image/home-9/product/pro-06.jpg]
[spacingtech.com/html/vegist-final/vegist/image/home-9/product/pro-7.jpg]
[spacingtech.com/html/vegist-final/vegist/image/home-9/product/pro-07.jpg]
[spacingtech.com/html/vegist-final/vegist/image/home-9/product/pro-8.jpg]
[spacingtech.com/html/vegist-final/vegist/image/home-9/product/pro-08.jpg]
[spacingtech.com/html/vegist-final/vegist/image/home-9/product/pro-9.jpg]
[spacingtech.com/html/vegist-final/vegist/image/home-9/product/pro-09.jpg]
[spacingtech.com/html/vegist-final/vegist/image/home-9/product/pro-10.jpg]
[spacingtech.com/html/vegist-final/vegist/image/home-9/product/pro-010.jpg]
[spacingtech.com/html/vegist-final/vegist/image/home-9/product/pro-11.jpg]
[spacingtech.com/html/vegist-final/vegist/image/home-9/product/pro-011.jpg]
[spacingtech.com/html/vegist-final/vegist/image/home-9/product/pro-12.jpg]
[spacingtech.com/html/vegist-final/vegist/image/home-9/product/pro-012.jpg]
[spacingtech.com/html/vegist-final/vegist/image/home-9/deal.png]
[spacingtech.com/html/vegist-final/vegist/image/home-9/category/cat-1.jpg]
[spacingtech.com/html/vegist-final/vegist/image/home-9/category/cat-2.jpg]
[spacingtech.com/html/vegist-final/vegist/image/home-9/category/cat-3.jpg]
[spacingtech.com/html/vegist-final/vegist/image/home-9/category/cat-4.jpg]
[spacingtech.com/html/vegist-final/vegist/image/home-9/category/cat-5.jpg]
[spacingtech.com/html/vegist-final/vegist/image/home-9/category/cat-6.jpg]
[spacingtech.com/html/vegist-final/vegist/image/home-9/category/cat-7.jpg]
[spacingtech.com/html/vegist-final/vegist/image/home-9/category/cat-8.jpg]
[spacingtech.com/html/vegist-final/vegist/image/home-9/testimonial-2.jpg]
[spacingtech.com/html/vegist-final/vegist/image/home-9/testimonial-3.jpg]
[spacingtech.com/html/vegist-final/vegist/image/home-9/testimonial-4.jpg]
[spacingtech.com/html/vegist-final/vegist/image/home-9/newslatter.jpg]
[spacingtech.com/html/vegist-final/vegist/image/home-9/footer.jpg]
[spacingtech.com/html/vegist-final/vegist/image/home-9/vegist-logo.png]
[spacingtech.com/html/vegist-final/vegist/index9.html]
[spacingtech.com/html/vegist-final/vegist/image/home-10/fav.png]
[spacingtech.com/html/vegist-final/vegist/image/home-10/logo.png]
[spacingtech.com/html/vegist-final/vegist/image/home-10/slider-1.jpg]
[spacingtech.com/html/vegist-final/vegist/image/home-10/slider-2.jpg]
[spacingtech.com/html/vegist-final/vegist/image/home-10/slider-3.jpg]
[spacingtech.com/html/vegist-final/vegist/image/home-10/category-banner.png]
[spacingtech.com/html/vegist-final/vegist/image/home-10/cat-1.png]
[spacingtech.com/html/vegist-final/vegist/image/home-10/cat-2.png]
[spacingtech.com/html/vegist-final/vegist/image/home-10/cat-3.png]
[spacingtech.com/html/vegist-final/vegist/image/home-10/cat-4.png]
[spacingtech.com/html/vegist-final/vegist/image/home-10/cat-5.png]
[spacingtech.com/html/vegist-final/vegist/image/home-10/cat-6.png]
[spacingtech.com/html/vegist-final/vegist/image/home-10/pro/pro-1.jpg]
[spacingtech.com/html/vegist-final/vegist/image/home-10/pro/pro-1a.jpg]
[spacingtech.com/html/vegist-final/vegist/image/home-10/pro/pro-2.jpg]
[spacingtech.com/html/vegist-final/vegist/image/home-10/pro/pro-2a.jpg]
[spacingtech.com/html/vegist-final/vegist/image/home-10/pro/pro-3.jpg]
[spacingtech.com/html/vegist-final/vegist/image/home-10/pro/pro-3a.jpg]
[spacingtech.com/html/vegist-final/vegist/image/home-10/pro/pro-4.jpg]
[spacingtech.com/html/vegist-final/vegist/image/home-10/pro/pro-4a.jpg]
[spacingtech.com/html/vegist-final/vegist/image/home-10/pro/pro-5.jpg]
[spacingtech.com/html/vegist-final/vegist/image/home-10/pro/pro-5a.jpg]
[spacingtech.com/html/vegist-final/vegist/image/home-10/pro/pro-6.jpg]
[spacingtech.com/html/vegist-final/vegist/image/home-10/pro/pro-6a.jpg]
[spacingtech.com/html/vegist-final/vegist/image/home-10/pro/pro-7.jpg]
[spacingtech.com/html/vegist-final/vegist/image/home-10/pro/pro-7a.jpg]
[spacingtech.com/html/vegist-final/vegist/image/home-10/pro/pro-8.jpg]
[spacingtech.com/html/vegist-final/vegist/image/home-10/pro/pro-8a.jpg]
[spacingtech.com/html/vegist-final/vegist/image/home-10/pro/pro-9.jpg]
[spacingtech.com/html/vegist-final/vegist/image/home-10/pro/pro-9a.jpg]
[spacingtech.com/html/vegist-final/vegist/image/home-10/pro/pro-10.jpg]
[spacingtech.com/html/vegist-final/vegist/image/home-10/pro/pro-10a.jpg]
[spacingtech.com/html/vegist-final/vegist/image/home-10/pro/pro-11.jpg]
[spacingtech.com/html/vegist-final/vegist/image/home-10/pro/pro-11a.jpg]
[spacingtech.com/html/vegist-final/vegist/image/home-10/pro/pro-12.jpg]
[spacingtech.com/html/vegist-final/vegist/image/home-10/pro/pro-12a.jpg]
[spacingtech.com/html/vegist-final/vegist/image/home-10/banner-1.jpg]
[spacingtech.com/html/vegist-final/vegist/image/home-10/banner-2.jpg]
[spacingtech.com/html/vegist-final/vegist/image/home-10/deal-bg.jpg]
[spacingtech.com/html/vegist-final/vegist/image/home-10/about-image.png]
[spacingtech.com/html/vegist-final/vegist/image/home-10/blog-1.jpg]
[spacingtech.com/html/vegist-final/vegist/image/home-10/blog-2.jpg]
[spacingtech.com/html/vegist-final/vegist/image/home-10/blog-3.jpg]
[spacingtech.com/html/vegist-final/vegist/image/home-10/blog-4.jpg]
[spacingtech.com/html/vegist-final/vegist/image/home-10/blog-5.jpg]
[spacingtech.com/html/vegist-final/vegist/image/home-10/blog-6.jpg]
[spacingtech.com/html/vegist-final/vegist/image/pay.png]
[spacingtech.com/html/vegist-final/vegist/index10.html]
[spacingtech.com/html/vegist-final/vegist/image/fevicon-new.png]
[spacingtech.com/html/vegist-final/vegist/image/home-11/logo.png]
[spacingtech.com/html/vegist-final/vegist/image/home-11/slider-1.jpg]
[spacingtech.com/html/vegist-final/vegist/image/home-11/slider-2.jpg]
[spacingtech.com/html/vegist-final/vegist/image/home-11/slider-3.jpg]
[spacingtech.com/html/vegist-final/vegist/image/home-11/banner-1.png]
[spacingtech.com/html/vegist-final/vegist/image/home-11/banner-2.png]
[spacingtech.com/html/vegist-final/vegist/image/home-11/banner-3.png]
[spacingtech.com/html/vegist-final/vegist/image/home-11/pro/pro-1.jpg]
[spacingtech.com/html/vegist-final/vegist/image/home-11/pro/pro-2.jpg]
[spacingtech.com/html/vegist-final/vegist/image/home-11/pro/pro-3.jpg]
[spacingtech.com/html/vegist-final/vegist/image/home-11/pro/pro-4.jpg]
[spacingtech.com/html/vegist-final/vegist/image/home-11/pro/pro-5.jpg]
[spacingtech.com/html/vegist-final/vegist/image/home-11/pro/pro-6.jpg]
[spacingtech.com/html/vegist-final/vegist/image/home-11/pro/pro-7.jpg]
[spacingtech.com/html/vegist-final/vegist/image/home-11/pro/pro-8.jpg]
[spacingtech.com/html/vegist-final/vegist/image/home-11/pro/pro-9.jpg]
[spacingtech.com/html/vegist-final/vegist/image/home-11/pro/pro-10.jpg]
[spacingtech.com/html/vegist-final/vegist/image/home-11/pro/pro-11.jpg]
[spacingtech.com/html/vegist-final/vegist/image/home-11/pro/pro-12.jpg]
[spacingtech.com/html/vegist-final/vegist/image/home-11/pro/pro-13.jpg]
[spacingtech.com/html/vegist-final/vegist/image/home-11/pro/pro-14.jpg]
[spacingtech.com/html/vegist-final/vegist/image/home-11/pro/pro-15.jpg]
[spacingtech.com/html/vegist-final/vegist/image/home-11/pro/pro-16.jpg]
[spacingtech.com/html/vegist-final/vegist/image/home-11/pro/pro-17.jpg]
[spacingtech.com/html/vegist-final/vegist/image/home-11/pro/pro-18.jpg]
[spacingtech.com/html/vegist-final/vegist/image/home-11/pro/pro-19.jpg]
[spacingtech.com/html/vegist-final/vegist/image/home-11/pro/pro-20.jpg]
[spacingtech.com/html/vegist-final/vegist/image/home-11/cat-1.jpg]
[spacingtech.com/html/vegist-final/vegist/image/home-11/cat-2.jpg]
[spacingtech.com/html/vegist-final/vegist/image/home-11/cat-3.jpg]
[spacingtech.com/html/vegist-final/vegist/image/home-11/cat-4.jpg]
[spacingtech.com/html/vegist-final/vegist/image/home-11/cat-5.jpg]
[spacingtech.com/html/vegist-final/vegist/image/home-11/cat-6.jpg]
[spacingtech.com/html/vegist-final/vegist/image/home-11/cat-7.jpg]
[spacingtech.com/html/vegist-final/vegist/image/home-11/cat-8.jpg]
[spacingtech.com/html/vegist-final/vegist/image/home-11/deal-testi-2.jpg]
[spacingtech.com/html/vegist-final/vegist/image/home-11/deal-testi-1.jpg]
[spacingtech.com/html/vegist-final/vegist/image/home-11/testi-1.jpg]
[spacingtech.com/html/vegist-final/vegist/image/home-11/testi-2.jpg]
[spacingtech.com/html/vegist-final/vegist/image/home-11/testi-3.jpg]
[spacingtech.com/html/vegist-final/vegist/image/home-11/testi-4.jpg]
[spacingtech.com/html/vegist-final/vegist/image/home-11/blog-1.jpg]
[spacingtech.com/html/vegist-final/vegist/image/home-11/blog-2.jpg]
[spacingtech.com/html/vegist-final/vegist/image/home-11/blog-3.jpg]
[spacingtech.com/html/vegist-final/vegist/image/home-11/blog-4.jpg]
[spacingtech.com/html/vegist-final/vegist/image/home-11/blog-5.jpg]
[spacingtech.com/html/vegist-final/vegist/image/home-11/blog-6.jpg]
[spacingtech.com/html/vegist-final/vegist/image/home-11/blog-7.jpg]
[spacingtech.com/html/vegist-final/vegist/index11.html]
[spacingtech.com/html/vegist-final/vegist/image/home-12/logo.png]
[spacingtech.com/html/vegist-final/vegist/image/home-12/slider-1.jpg]
[spacingtech.com/html/vegist-final/vegist/image/home-12/slider-2.jpg]
[spacingtech.com/html/vegist-final/vegist/image/home-12/slider-3.jpg]
[spacingtech.com/html/vegist-final/vegist/image/home-12/cat-1.png]
[spacingtech.com/html/vegist-final/vegist/image/home-12/cat-2.png]
[spacingtech.com/html/vegist-final/vegist/image/home-12/cat-3.png]
[spacingtech.com/html/vegist-final/vegist/image/home-12/cat-4.png]
[spacingtech.com/html/vegist-final/vegist/image/home-12/cat-5.png]
[spacingtech.com/html/vegist-final/vegist/image/home-12/cat-6.png]
[spacingtech.com/html/vegist-final/vegist/image/home-12/product/pro-1.jpg]
[spacingtech.com/html/vegist-final/vegist/image/home-12/product/pro-1a.jpg]
[spacingtech.com/html/vegist-final/vegist/image/home-12/product/pro-2.jpg]
[spacingtech.com/html/vegist-final/vegist/image/home-12/product/pro-2a.jpg]
[spacingtech.com/html/vegist-final/vegist/image/home-12/product/pro-3.jpg]
[spacingtech.com/html/vegist-final/vegist/image/home-12/product/pro-3a.jpg]
[spacingtech.com/html/vegist-final/vegist/image/home-12/product/pro-4.jpg]
[spacingtech.com/html/vegist-final/vegist/image/home-12/product/pro-4a.jpg]
[spacingtech.com/html/vegist-final/vegist/image/home-12/product/pro-5.jpg]
[spacingtech.com/html/vegist-final/vegist/image/home-12/product/pro-5a.jpg]
[spacingtech.com/html/vegist-final/vegist/image/home-12/product/pro-6.jpg]
[spacingtech.com/html/vegist-final/vegist/image/home-12/product/pro-6a.jpg]
[spacingtech.com/html/vegist-final/vegist/image/home-12/product/pro-7.jpg]
[spacingtech.com/html/vegist-final/vegist/image/home-12/product/pro-7a.jpg]
[spacingtech.com/html/vegist-final/vegist/image/home-12/product/pro-8.jpg]
[spacingtech.com/html/vegist-final/vegist/image/home-12/product/pro-8a.jpg]
[spacingtech.com/html/vegist-final/vegist/image/home-12/product/pro-9.jpg]
[spacingtech.com/html/vegist-final/vegist/image/home-12/product/pro-9a.jpg]
[spacingtech.com/html/vegist-final/vegist/image/home-12/product/pro-10.jpg]
[spacingtech.com/html/vegist-final/vegist/image/home-12/product/pro-10a.jpg]
[spacingtech.com/html/vegist-final/vegist/image/home-12/product/pro-11.jpg]
[spacingtech.com/html/vegist-final/vegist/image/home-12/product/pro-11a.jpg]
[spacingtech.com/html/vegist-final/vegist/image/home-12/product/pro-12.jpg]
[spacingtech.com/html/vegist-final/vegist/image/home-12/product/pro-12a.jpg]
[spacingtech.com/html/vegist-final/vegist/image/home-12/banner-1.png]
[spacingtech.com/html/vegist-final/vegist/image/home-12/banner-2.png]
[spacingtech.com/html/vegist-final/vegist/image/home-12/about.png]
[spacingtech.com/html/vegist-final/vegist/image/home-12/logo-1.png]
[spacingtech.com/html/vegist-final/vegist/index12.html]
[spacingtech.com/html/vegist-final/vegist/image/home-13/logo.png]
[spacingtech.com/html/vegist-final/vegist/image/home-13/slider-1.jpg]
[spacingtech.com/html/vegist-final/vegist/image/home-13/slider-2.jpg]
[spacingtech.com/html/vegist-final/vegist/image/home-13/slider-3.jpg]
[spacingtech.com/html/vegist-final/vegist/image/home-13/cat-1.png]
[spacingtech.com/html/vegist-final/vegist/image/home-13/cat-2.png]
[spacingtech.com/html/vegist-final/vegist/image/home-13/cat-3.png]
[spacingtech.com/html/vegist-final/vegist/image/home-13/cat-4.png]
[spacingtech.com/html/vegist-final/vegist/image/home-13/cat-5.png]
[spacingtech.com/html/vegist-final/vegist/image/home-13/cat-6.png]
[spacingtech.com/html/vegist-final/vegist/image/home-13/cat-7.png]
[spacingtech.com/html/vegist-final/vegist/image/home-13/product/pro-1.jpg]
[spacingtech.com/html/vegist-final/vegist/image/home-13/product/pro-2.jpg]
[spacingtech.com/html/vegist-final/vegist/image/home-13/product/pro-3.jpg]
[spacingtech.com/html/vegist-final/vegist/image/home-13/product/pro-4.jpg]
[spacingtech.com/html/vegist-final/vegist/image/home-13/product/pro-5.jpg]
[spacingtech.com/html/vegist-final/vegist/image/home-13/product/pro-6.jpg]
[spacingtech.com/html/vegist-final/vegist/image/home-13/product/pro-7.jpg]
[spacingtech.com/html/vegist-final/vegist/image/home-13/product/pro-8.jpg]
[spacingtech.com/html/vegist-final/vegist/image/home-13/product/pro-9.jpg]
[spacingtech.com/html/vegist-final/vegist/image/home-13/product/pro-10.jpg]
[spacingtech.com/html/vegist-final/vegist/image/home-13/product/pro-11.jpg]
[spacingtech.com/html/vegist-final/vegist/image/home-13/product/pro-12.jpg]
[spacingtech.com/html/vegist-final/vegist/image/home-13/product/pro-13.jpg]
[spacingtech.com/html/vegist-final/vegist/image/home-13/product/pro-14.jpg]
[spacingtech.com/html/vegist-final/vegist/image/home-13/product/pro-15.jpg]
[spacingtech.com/html/vegist-final/vegist/image/home-13/product/pro-16.jpg]
[spacingtech.com/html/vegist-final/vegist/image/home-13/product/pro-17.jpg]
[spacingtech.com/html/vegist-final/vegist/image/home-13/product/pro-18.jpg]
[spacingtech.com/html/vegist-final/vegist/image/home-13/service-1.png]
[spacingtech.com/html/vegist-final/vegist/image/home-13/service-2.png]
[spacingtech.com/html/vegist-final/vegist/image/home-13/service-3.png]
[spacingtech.com/html/vegist-final/vegist/image/home-13/testi-1.jpg]
[spacingtech.com/html/vegist-final/vegist/image/home-13/testi-2.jpg]
[spacingtech.com/html/vegist-final/vegist/image/home-13/testi-3.jpg]
[spacingtech.com/html/vegist-final/vegist/image/home-13/brand-logo/image1.png]
[spacingtech.com/html/vegist-final/vegist/image/home-13/brand-logo/image2.png]
[spacingtech.com/html/vegist-final/vegist/image/home-13/brand-logo/image3.png]
[spacingtech.com/html/vegist-final/vegist/image/home-13/brand-logo/image4.png]
[spacingtech.com/html/vegist-final/vegist/image/home-13/brand-logo/image5.png]
[spacingtech.com/html/vegist-final/vegist/image/home-13/brand-logo/image6.png]
[spacingtech.com/html/vegist-final/vegist/image/home-13/brand-logo/image7.png]
[spacingtech.com/html/vegist-final/vegist/image/home-13/brand-logo/image8.png]
[spacingtech.com/html/vegist-final/vegist/image/home-13/deal.png]
[spacingtech.com/html/vegist-final/vegist/image/home-13/blog/blog-1.jpg]
[spacingtech.com/html/vegist-final/vegist/image/home-13/blog/blog-2.jpg]
[spacingtech.com/html/vegist-final/vegist/image/home-13/blog/blog-3.jpg]
[spacingtech.com/html/vegist-final/vegist/image/home-13/blog/blog-4.jpg]
[spacingtech.com/html/vegist-final/vegist/image/home-13/blog/blog-5.jpg]
[spacingtech.com/html/vegist-final/vegist/image/home-13/blog/blog-6.jpg]
[spacingtech.com/html/vegist-final/vegist/image/home-13/blog/blog-7.jpg]
[spacingtech.com/html/vegist-final/vegist/index13.html]
[spacingtech.com/html/vegist-final/vegist/image/veri-1.jpg]
[spacingtech.com/html/vegist-final/vegist/image/veri-3.jpg]
[spacingtech.com/html/vegist-final/vegist/image/veri-2.jpg]
[spacingtech.com/html/vegist-final/vegist/product-style-6.html]
[spacingtech.com/html/vegist-final/vegist/image/about-image-pro.jpg]
[spacingtech.com/html/vegist-final/vegist/about-us.html]
[spacingtech.com/html/vegist-final/vegist/image/user-ava.jpg]
[spacingtech.com/html/vegist-final/vegist/order-history.html]
[spacingtech.com/html/vegist-final/vegist/profile.html]
[spacingtech.com/html/vegist-final/vegist/pro-addresses.html]
[spacingtech.com/html/vegist-final/vegist/image/cart-page/cart-1/image1.jpg]
[spacingtech.com/html/vegist-final/vegist/image/cart-page/cart-1/image3.jpg]
[spacingtech.com/html/vegist-final/vegist/image/cart-page/cart-1/image2.jpg]
[spacingtech.com/html/vegist-final/vegist/pro-wishlist.html]
[spacingtech.com/html/vegist-final/vegist/pro-tickets.html]
[spacingtech.com/html/vegist-final/vegist/billing-info.html]
[spacingtech.com/html/vegist-final/vegist/cancellation.html]
[spacingtech.com/html/vegist-final/vegist/cart.html]
[spacingtech.com/html/vegist-final/vegist/coming-soon.html]
[spacingtech.com/html/vegist-final/vegist/faq's.html]
[spacingtech.com/html/vegist-final/vegist/forgot-password.html]
[spacingtech.com/html/vegist-final/vegist/payment-policy.html]
[spacingtech.com/html/vegist-final/vegist/privacy-policy.html]
[spacingtech.com/html/vegist-final/vegist/return-policy.html]
[spacingtech.com/html/vegist-final/vegist/terms-conditions.html]
[spacingtech.com/html/vegist-final/vegist/wishlist.html]
[spacingtech.com/html/vegist-final/vegist/sitemap.html]
[spacingtech.com/html/vegist-final/vegist/fnf-page.html]
[spacingtech.com/html/vegist-final/vegist/blog-style-1-3-grid.html]
[spacingtech.com/html/vegist-final/vegist/image/blog-page-1/home-1/image1.jpg]
[spacingtech.com/html/vegist-final/vegist/image/blog-page-1/home-1/image2.jpg]
[spacingtech.com/html/vegist-final/vegist/image/blog-page-1/home-1/image3.jpg]
[spacingtech.com/html/vegist-final/vegist/image/blog-page-1/home-1/image4.jpg]
[spacingtech.com/html/vegist-final/vegist/image/blog-page-1/home-1/image5.jpg]
[spacingtech.com/html/vegist-final/vegist/blog-style-1-left-3-grid.html]
[spacingtech.com/html/vegist-final/vegist/blog-style-1-right-3-grid.html]
[spacingtech.com/html/vegist-final/vegist/blog-style-2-3-grid.html]
[spacingtech.com/html/vegist-final/vegist/blog-style-2-left-3-grid.html]
[spacingtech.com/html/vegist-final/vegist/blog-style-2-right-3-grid.html]
[spacingtech.com/html/vegist-final/vegist/blog-style-3-grid.html]
[spacingtech.com/html/vegist-final/vegist/blog-style-3-left-grid-blog.html]
[spacingtech.com/html/vegist-final/vegist/blog-style-3-right-grid-blog.html]
[spacingtech.com/html/vegist-final/vegist/image/blog-details/style-401.jpg]
[spacingtech.com/html/vegist-final/vegist/image/blog-details/style-402.jpg]
[spacingtech.com/html/vegist-final/vegist/image/blog-details/style-403.jpg]
[spacingtech.com/html/vegist-final/vegist/image/blog-details/style-404.jpg]
[spacingtech.com/html/vegist-final/vegist/image/blog-details/style-405.jpg]
[spacingtech.com/html/vegist-final/vegist/image/blog-details/style-406.jpg]
[spacingtech.com/html/vegist-final/vegist/blog-style-5-3-grid.html]
[spacingtech.com/html/vegist-final/vegist/blog-style-5-left-3-grid.html]
[spacingtech.com/html/vegist-final/vegist/blog-style-5-right-3-grid.html]
[spacingtech.com/html/vegist-final/vegist/blog-style-6-3-grid.html]
[spacingtech.com/html/vegist-final/vegist/blog-style-6-left-3-grid.html]
[spacingtech.com/html/vegist-final/vegist/blog-style-6-right-3-grid.html]
[spacingtech.com/html/vegist-final/vegist/blog-style-7-3-grid.html]
[spacingtech.com/html/vegist-final/vegist/image/layout-7/lr-image5.png]
[spacingtech.com/html/vegist-final/vegist/image/layout-7/lr-image2.png]
[spacingtech.com/html/vegist-final/vegist/image/layout-7/lr-image4.png]
[spacingtech.com/html/vegist-final/vegist/image/layout-7/lr-image1.png]
[spacingtech.com/html/vegist-final/vegist/blog-style-7-left-grid-blog.html]
[spacingtech.com/html/vegist-final/vegist/image/layout-7/lr-image3.png]
[spacingtech.com/html/vegist-final/vegist/blog-style-7-right-grid-blog.html]
[spacingtech.com/html/vegist-final/vegist/blog-style-1-list.html]
[spacingtech.com/html/vegist-final/vegist/blog-style-1-left-list.html]
[spacingtech.com/html/vegist-final/vegist/blog-style-1-right-list.html]
[spacingtech.com/html/vegist-final/vegist/blog-style-2-list.html]
[spacingtech.com/html/vegist-final/vegist/blog-style-2-left-list.html]
[spacingtech.com/html/vegist-final/vegist/blog-style-2-right-list.html]
[spacingtech.com/html/vegist-final/vegist/blog-style-3-list.html]
[spacingtech.com/html/vegist-final/vegist/blog-style-3-left-list-blog.html]
[spacingtech.com/html/vegist-final/vegist/blog-style-3-right-list-blog.html]
[spacingtech.com/html/vegist-final/vegist/blog-style-5-list-blog.html]
[spacingtech.com/html/vegist-final/vegist/blog-style-5-left-list.html]
[spacingtech.com/html/vegist-final/vegist/blog-style-5-right-list.html]
[spacingtech.com/html/vegist-final/vegist/blog-style-6-list-blog.html]
[spacingtech.com/html/vegist-final/vegist/blog-style-6-left-list-blog.html]
[spacingtech.com/html/vegist-final/vegist/blog-style-6-right-list-blog.html]
[spacingtech.com/html/vegist-final/vegist/blog-style-7-list-blog.html]
[spacingtech.com/html/vegist-final/vegist/blog-style-7-left-list-blog.html]
[spacingtech.com/html/vegist-final/vegist/blog-style-7-right-list-blog.html]
[spacingtech.com/html/vegist-final/vegist/image/blog-details/1.jpg]
[spacingtech.com/html/vegist-final/vegist/image/blog-page-1/home-1/single-blog-image/image01.jpg]
[spacingtech.com/html/vegist-final/vegist/blog-style-1-details.html]
[spacingtech.com/html/vegist-final/vegist/blog-style-1-left-details.html]
[spacingtech.com/html/vegist-final/vegist/blog-style-1-right-details.html]
[spacingtech.com/html/vegist-final/vegist/image/blog-details/4.jpg]
[spacingtech.com/html/vegist-final/vegist/blog-style-2-details.html]
[spacingtech.com/html/vegist-final/vegist/blog-style-2-left-details.html]
[spacingtech.com/html/vegist-final/vegist/blog-style-2-right-details.html]
[spacingtech.com/html/vegist-final/vegist/image/blog-details/5.jpg]
[spacingtech.com/html/vegist-final/vegist/image/blog-details/6.jpg]
[spacingtech.com/html/vegist-final/vegist/image/blog-details/3.jpg]
[spacingtech.com/html/vegist-final/vegist/blog-style-3-details.html]
[spacingtech.com/html/vegist-final/vegist/blog-style-3-left-blog-details.html]
[spacingtech.com/html/vegist-final/vegist/blog-style-3-right-blog-details.html]
[spacingtech.com/html/vegist-final/vegist/image/style-5-details.jpg]
[spacingtech.com/html/vegist-final/vegist/image/style-5-details-center-image1.jpg]
[spacingtech.com/html/vegist-final/vegist/image/style-5-details-center-image2.png]
[spacingtech.com/html/vegist-final/vegist/blog-style-5-details.html]
[spacingtech.com/html/vegist-final/vegist/blog-style-5-left-details.html]
[spacingtech.com/html/vegist-final/vegist/blog-style-5-right-details.html]
[spacingtech.com/html/vegist-final/vegist/blog-style-6-details.html]
[spacingtech.com/html/vegist-final/vegist/blog-style-6-left-details-blog.html]
[spacingtech.com/html/vegist-final/vegist/blog-style-6-right-details-blog.html]
[spacingtech.com/html/vegist-final/vegist/image/layout-7/full-image6.png]
[spacingtech.com/html/vegist-final/vegist/image/layout-7/food-blog9.jpg]
[spacingtech.com/html/vegist-final/vegist/blog-style-7-details.html]
[spacingtech.com/html/vegist-final/vegist/image/layout-7/style-7.jpg]
[spacingtech.com/html/vegist-final/vegist/blog-style-7-left-details.html]
[spacingtech.com/html/vegist-final/vegist/blog-style-7-right-details.html]
[spacingtech.com/html/vegist-final/vegist/blog-style-1-center-blog.html]
[spacingtech.com/html/vegist-final/vegist/blog-style-2-center-blog.html]
[spacingtech.com/html/vegist-final/vegist/blog-style-3-center-blog.html]
[spacingtech.com/html/vegist-final/vegist/blog-style-5-center-blog.html]
[spacingtech.com/html/vegist-final/vegist/blog-style-6-center-blog.html]
[spacingtech.com/html/vegist-final/vegist/blog-style-7-center-blog.html]
[spacingtech.com/html/vegist-final/vegist/header-style-1.html]
[spacingtech.com/html/vegist-final/vegist/image/pro/pro-img-017.jpg]
[spacingtech.com/html/vegist-final/vegist/image/pro/pro-img-17.jpg]
[spacingtech.com/html/vegist-final/vegist/image/pro/pro-img-013.jpg]
[spacingtech.com/html/vegist-final/vegist/image/pro/pro-img-13.jpg]
[spacingtech.com/html/vegist-final/vegist/image/pro/pro-img-015.jpg]
[spacingtech.com/html/vegist-final/vegist/image/pro/pro-img-15.jpg]
[spacingtech.com/html/vegist-final/vegist/header-style-2.html]
[spacingtech.com/html/vegist-final/vegist/header-style-3.html]
[spacingtech.com/html/vegist-final/vegist/header-style-4.html]
[spacingtech.com/html/vegist-final/vegist/header-style-5.html]
[spacingtech.com/html/vegist-final/vegist/header-style-6.html]
[spacingtech.com/html/vegist-final/vegist/header-style-7.html]
[spacingtech.com/html/vegist-final/vegist/footer-style-1.html]
[spacingtech.com/html/vegist-final/vegist/footer-style-2.html]
[spacingtech.com/html/vegist-final/vegist/footer-style-3.html]
[spacingtech.com/html/vegist-final/vegist/footer-style-4.html]
[spacingtech.com/html/vegist-final/vegist/footer-style-5.html]
[spacingtech.com/html/vegist-final/vegist/footer-style-6.html]
[spacingtech.com/html/vegist-final/vegist/footer-style-7.html]
[spacingtech.com/html/vegist-final/vegist/product.html]
[spacingtech.com/html/vegist-final/vegist/product-style-2.html]
[spacingtech.com/html/vegist-final/vegist/product-style-3.html]
[spacingtech.com/html/vegist-final/vegist/product-style-4.html]
[spacingtech.com/html/vegist-final/vegist/product-style-5.html]
[spacingtech.com/html/vegist-final/vegist/image/banner34.jpg]
[spacingtech.com/html/vegist-final/vegist/image/layout-7/pro-page/2.jpg]
[spacingtech.com/html/vegist-final/vegist/image/layout-7/pro-page/3.jpg]
[spacingtech.com/html/vegist-final/vegist/image/layout-7/pro-page/4.jpg]
[spacingtech.com/html/vegist-final/vegist/image/layout-7/pro-page/9.jpg]
[spacingtech.com/html/vegist-final/vegist/image/layout-7/pro-page/10.jpg]
[spacingtech.com/html/vegist-final/vegist/image/layout-7/pro-page/13.jpg]
[spacingtech.com/html/vegist-final/vegist/image/layout-7/pro-page/16.jpg]
[spacingtech.com/html/vegist-final/vegist/product-style-7.html]
[spacingtech.com/html/vegist-final/vegist/image/pro-page-image/check-image-1.jpg]
[spacingtech.com/html/vegist-final/vegist/image/pro-page-image/check-image-2.jpg]
[spacingtech.com/html/vegist-final/vegist/checkout-1.html]
[spacingtech.com/html/vegist-final/vegist/checkout-2.html]
[spacingtech.com/html/vegist-final/vegist/checkout-3.html]
[spacingtech.com/html/vegist-final/vegist/cart-2.html]
[spacingtech.com/html/vegist-final/vegist/cart-3.html]
[spacingtech.com/html/vegist-final/vegist/empty-cart.html]
[spacingtech.com/html/vegist-final/vegist/image/search-image/17.jpg]
[spacingtech.com/html/vegist-final/vegist/image/search-image/hover/pro-img-03.jpg]
[spacingtech.com/html/vegist-final/vegist/image/search-image/14.jpg]
[spacingtech.com/html/vegist-final/vegist/image/search-image/hover/14.jpg]
[spacingtech.com/html/vegist-final/vegist/image/search-image/18.jpg]
[spacingtech.com/html/vegist-final/vegist/image/search-image/hover/pro-img-7.jpg]
[spacingtech.com/html/vegist-final/vegist/image/search-image/2.jpg]
[spacingtech.com/html/vegist-final/vegist/image/search-image/hover/2.jpg]
[spacingtech.com/html/vegist-final/vegist/image/search-image/15.jpg]
[spacingtech.com/html/vegist-final/vegist/image/search-image/hover/15.jpg]
[spacingtech.com/html/vegist-final/vegist/image/search-image/7.jpg]
[spacingtech.com/html/vegist-final/vegist/image/search-image/hover/7.jpg]
[spacingtech.com/html/vegist-final/vegist/image/search-image/3.jpg]
[spacingtech.com/html/vegist-final/vegist/image/search-image/hover/3.jpg]
[spacingtech.com/html/vegist-final/vegist/image/search-image/9.jpg]
[spacingtech.com/html/vegist-final/vegist/image/search-image/hover/9.jpg]
[spacingtech.com/html/vegist-final/vegist/image/search-image/16.jpg]
[spacingtech.com/html/vegist-final/vegist/image/search-image/hover/16.jpg]
[spacingtech.com/html/vegist-final/vegist/image/search-image/4.jpg]
[spacingtech.com/html/vegist-final/vegist/image/search-image/hover/4.jpg]
[spacingtech.com/html/vegist-final/vegist/image/search-image/10.jpg]
[spacingtech.com/html/vegist-final/vegist/image/search-image/hover/10.jpg]
[spacingtech.com/html/vegist-final/vegist/image/search-image/11.jpg]
[spacingtech.com/html/vegist-final/vegist/image/search-image/hover/11.jpg]
[spacingtech.com/html/vegist-final/vegist/search.html]
[spacingtech.com/html/vegist-final/vegist/image/grid-banner.jpg]
[spacingtech.com/html/vegist-final/vegist/js/range-slider.js]
[spacingtech.com/html/vegist-final/vegist/grid-list.html]
[spacingtech.com/html/vegist-final/vegist/shipping-policy.html]
[spacingtech.com/html/vegist-final/vegist/addresses.html]
[spacingtech.com/html/vegist-final/vegist/fonts/Simple-Line-Iconsb26c.html]
[spacingtech.com/html/vegist-final/vegist/fonts/Simple-Line-Iconsb26c.svg]
[spacingtech.com/html/vegist-final/vegist/fonts/fontawesome-webfont3e6e.html]
[spacingtech.com/html/vegist-final/vegist/fonts/fontawesome-webfont3e6e-2.html]
[spacingtech.com/html/vegist-final/vegist/fonts/themify9f24.html]
[spacingtech.com/html/vegist-final/vegist/fonts/ionicons28b5.svg]
[spacingtech.com/html/vegist-final/vegist/css/owl.video.play.html]
[spacingtech.com/html/vegist-final/vegist/css/style.css]
[spacingtech.com/html/vegist-final/vegist/css/responsive.css]
[spacingtech.com/html/vegist-final/vegist/register.html]
[spacingtech.com/html/vegist-final/vegist/login.html]
[spacingtech.com/html/vegist-final/vegist/css/style2.css]
[spacingtech.com/html/vegist-final/vegist/css/responsive2.css]
[spacingtech.com/html/vegist-final/vegist/grid-list-2.html]
[spacingtech.com/html/vegist-final/vegist/css/style3.css]
[spacingtech.com/html/vegist-final/vegist/css/responsive3.css]
[spacingtech.com/html/vegist-final/vegist/css/style4.css]
[spacingtech.com/html/vegist-final/vegist/css/responsive4.css]
[spacingtech.com/html/vegist-final/vegist/blog.html]
[spacingtech.com/html/vegist-final/vegist/css/style5.css]
[spacingtech.com/html/vegist-final/vegist/css/responsive5.css]
[spacingtech.com/html/vegist-final/vegist/css/style6.css]
[spacingtech.com/html/vegist-final/vegist/css/responsive6.css]
[spacingtech.com/html/vegist-final/vegist/fonts/CutterlinesDEMO.eot]
[spacingtech.com/html/vegist-final/vegist/fonts/CutterlinesDEMOd41d.eot]
[spacingtech.com/html/vegist-final/vegist/fonts/CutterlinesDEMO.woff]
[spacingtech.com/html/vegist-final/vegist/fonts/CutterlinesDEMO.ttf]
[spacingtech.com/html/vegist-final/vegist/css/style7.css]
[spacingtech.com/html/vegist-final/vegist/css/responsive7.css]
[spacingtech.com/html/vegist-final/vegist/css/style8.css]
[spacingtech.com/html/vegist-final/vegist/css/responsive8.css]
[spacingtech.com/html/vegist-final/vegist/css/style9.css]
[spacingtech.com/html/vegist-final/vegist/css/responsive9.css]
[spacingtech.com/html/vegist-final/vegist/css/style10.css]
[spacingtech.com/html/vegist-final/vegist/css/responsive10.css]
[spacingtech.com/html/vegist-final/vegist/css/style11.css]
[spacingtech.com/html/vegist-final/vegist/css/responsive11.css]
[spacingtech.com/html/vegist-final/vegist/css/style12.css]
[spacingtech.com/html/vegist-final/vegist/css/responsive12.css]
[spacingtech.com/html/vegist-final/vegist/image/search-image/1.jpg]
[spacingtech.com/html/vegist-final/vegist/image/search-image/hover/1.jpg]
[spacingtech.com/html/vegist-final/vegist/image/search-image/12.jpg]
[spacingtech.com/html/vegist-final/vegist/image/search-image/hover/12.jpg]
[spacingtech.com/html/vegist-final/vegist/image/search-image/6.jpg]
[spacingtech.com/html/vegist-final/vegist/image/search-image/hover/6.jpg]
[spacingtech.com/html/vegist-final/vegist/image/search-image/5.jpg]
[spacingtech.com/html/vegist-final/vegist/image/search-image/hover/5.jpg]
[spacingtech.com/html/vegist-final/vegist/image/search-image/24.jpg]
[spacingtech.com/html/vegist-final/vegist/image/search-image/hover/pro-img-17.jpg]
[spacingtech.com/html/vegist-final/vegist/image/search-image/13.jpg]
[spacingtech.com/html/vegist-final/vegist/image/search-image/hover/13.jpg]
[spacingtech.com/html/vegist-final/vegist/image/search-image/19.jpg]
[spacingtech.com/html/vegist-final/vegist/image/search-image/hover/pro-img-8.jpg]
[spacingtech.com/html/vegist-final/vegist/image/search-image/22.jpg]
[spacingtech.com/html/vegist-final/vegist/image/search-image/hover/23.jpg]
[spacingtech.com/html/vegist-final/vegist/image/search-image/20.jpg]
[spacingtech.com/html/vegist-final/vegist/image/search-image/hover/pro-img-9.jpg]
[spacingtech.com/html/vegist-final/vegist/image/search-image/21.jpg]
[spacingtech.com/html/vegist-final/vegist/image/search-image/hover/22.jpg]
[spacingtech.com/html/vegist-final/vegist/image/search-image/23.jpg]
[spacingtech.com/html/vegist-final/vegist/image/search-image/hover/pro-img-13.jpg]
[spacingtech.com/html/vegist-final/vegist/search-2.html]
[spacingtech.com/html/vegist-final/vegist/youtube.html]
[spacingtech.com/html/vegist-final/vegist/grid-list-3.html]
[spacingtech.com/html/vegist-final/vegist/image/pro/pro-img-14.jpg]
[spacingtech.com/html/vegist-final/vegist/image/pro/pro-img-014.jpg]
[spacingtech.com/html/vegist-final/vegist/grid-list-4.html]
[spacingtech.com/html/vegist-final/vegist/css/style13.css]
[spacingtech.com/html/vegist-final/vegist/css/responsive13.css]
[spacingtech.com/html/vegist-final/vegist/blog-5.html]
[spacingtech.com/html/vegist-final/vegist/blog-2.html]
[spacingtech.com/html/vegist-final/vegist/blog-3.html]
[spacingtech.com/html/vegist-final/vegist/blog-4.html]
[spacingtech.com/html/vegist-final/vegist/blog-1.html]
